Change Physical Footprint: Designator=C1 Old Footprint=0805_CAP New Footprint=0805_CAP
Change Physical Footprint: Designator=C2 Old Footprint=0805_CAP New Footprint=0805_CAP
Change Physical Footprint: Designator=C3 Old Footprint=0805_CAP New Footprint=0805_CAP
Change Physical Footprint: Designator=C4 Old Footprint=Pol_CAP New Footprint=Pol_CAP
Change Physical Footprint: Designator=C5 Old Footprint=0805_CAP New Footprint=0805_CAP
Change Physical Footprint: Designator=C6 Old Footprint=0805_CAP New Footprint=0805_CAP
Change Physical Footprint: Designator=DA1 Old Footprint=CM8870C-SOP18 New Footprint=CM8870C-SOP18
Change Physical Footprint: Designator=DA2 Old Footprint=STU New Footprint=STU
Change Physical Footprint: Designator=DD1 Old Footprint=ATtiny2313-SOP20 New Footprint=ATtiny2313-SOP20
Change Physical Footprint: Designator=DD2 Old Footprint=ULN2803-SOP18 New Footprint=ULN2803-SOP18
Change Physical Footprint: Designator=HL1 Old Footprint=Blink_RED New Footprint=Blink_RED
Change Physical Footprint: Designator=K1 Old Footprint=LEG-12 New Footprint=LEG-12
Change Physical Footprint: Designator=K2 Old Footprint=LEG-12 New Footprint=LEG-12
Change Physical Footprint: Designator=K3 Old Footprint=LEG-12 New Footprint=LEG-12
Change Physical Footprint: Designator=K4 Old Footprint=LEG-12 New Footprint=LEG-12
Change Physical Footprint: Designator=K5 Old Footprint=LEG-12 New Footprint=LEG-12
Change Physical Footprint: Designator=K6 Old Footprint=LEG-12 New Footprint=LEG-12
Change Physical Footprint: Designator=K7 Old Footprint=LEG-12 New Footprint=LEG-12
Change Physical Footprint: Designator=K8 Old Footprint=LEG-12 New Footprint=LEG-12
Change Physical Footprint: Designator=R1 Old Footprint=0805_RES New Footprint=0805_RES
Change Physical Footprint: Designator=R2 Old Footprint=0805_RES New Footprint=0805_RES
Change Physical Footprint: Designator=R3 Old Footprint=0805_RES New Footprint=0805_RES
Change Physical Footprint: Designator=R4 Old Footprint=0805_RES New Footprint=0805_RES
Change Physical Footprint: Designator=R5 Old Footprint=0805_RES New Footprint=0805_RES
Change Physical Footprint: Designator=R6 Old Footprint=0805_RES New Footprint=0805_RES
Change Physical Footprint: Designator=VD1 Old Footprint=Diode_Bridge New Footprint=Diode_Bridge
Change Physical Footprint: Designator=XS1 Old Footprint=USB-B TE Connectivity 292304-1 New Footprint=USB-B TE Connectivity 292304-1
Change Physical Footprint: Designator=XS2 Old Footprint=DJK-02B New Footprint=DJK-02B
Change Physical Footprint: Designator=XT1 Old Footprint=pad New Footprint=pad
Change Physical Footprint: Designator=XT2 Old Footprint=pad New Footprint=pad
Change Physical Footprint: Designator=XT3 Old Footprint=pad New Footprint=pad
Change Physical Footprint: Designator=XT4 Old Footprint=pad New Footprint=pad
Change Physical Footprint: Designator=XT5 Old Footprint=pad New Footprint=pad
Change Physical Footprint: Designator=XT6 Old Footprint=pad New Footprint=pad
Change Physical Footprint: Designator=XT7 Old Footprint=pad New Footprint=pad
Change Physical Footprint: Designator=XT8 Old Footprint=pad New Footprint=pad
Change Physical Footprint: Designator=ZQ1 Old Footprint=Quartz New Footprint=Quartz
Change Physical Footprint: Designator=ZQ2 Old Footprint=Quartz New Footprint=Quartz
