Replace Part C1 Capacitor in D:\Users\User\Desktop\Course1\Sheet_Course_Mitr.SchDoc with Capacitor from Schlib_Course_Mitr.SchLib
Replace Part C2 Capacitor in D:\Users\User\Desktop\Course1\Sheet_Course_Mitr.SchDoc with Capacitor from Schlib_Course_Mitr.SchLib
Replace Part C3 Capacitor in D:\Users\User\Desktop\Course1\Sheet_Course_Mitr.SchDoc with Capacitor from Schlib_Course_Mitr.SchLib
Replace Part C4 Capacitor_pol in D:\Users\User\Desktop\Course1\Sheet_Course_Mitr.SchDoc with Capacitor_pol from Schlib_Course_Mitr.SchLib
Replace Part C5 Capacitor in D:\Users\User\Desktop\Course1\Sheet_Course_Mitr.SchDoc with Capacitor from Schlib_Course_Mitr.SchLib
Replace Part C6 Capacitor in D:\Users\User\Desktop\Course1\Sheet_Course_Mitr.SchDoc with Capacitor from Schlib_Course_Mitr.SchLib
Replace Part DA1 MT8870DS in D:\Users\User\Desktop\Course1\Sheet_Course_Mitr.SchDoc with MT8870DS from Schlib_Course_Mitr.SchLib
Replace Part DA2 STU in D:\Users\User\Desktop\Course1\Sheet_Course_Mitr.SchDoc with STU from Schlib_Course_Mitr.SchLib
Replace Part DD1 ATtiny2313 in D:\Users\User\Desktop\Course1\Sheet_Course_Mitr.SchDoc with ATtiny2313 from Schlib_Course_Mitr.SchLib
Replace Part DD2 ULN2803A in D:\Users\User\Desktop\Course1\Sheet_Course_Mitr.SchDoc with ULN2803A from Schlib_Course_Mitr.SchLib
Replace Part HL1 Led_red in D:\Users\User\Desktop\Course1\Sheet_Course_Mitr.SchDoc with Led_red from Schlib_Course_Mitr.SchLib
Replace Part K1 Relay in D:\Users\User\Desktop\Course1\Sheet_Course_Mitr.SchDoc with Relay from Schlib_Course_Mitr.SchLib
Replace Part K2 Relay in D:\Users\User\Desktop\Course1\Sheet_Course_Mitr.SchDoc with Relay from Schlib_Course_Mitr.SchLib
Replace Part K3 Relay in D:\Users\User\Desktop\Course1\Sheet_Course_Mitr.SchDoc with Relay from Schlib_Course_Mitr.SchLib
Replace Part K4 Relay in D:\Users\User\Desktop\Course1\Sheet_Course_Mitr.SchDoc with Relay from Schlib_Course_Mitr.SchLib
Replace Part K5 Relay in D:\Users\User\Desktop\Course1\Sheet_Course_Mitr.SchDoc with Relay from Schlib_Course_Mitr.SchLib
Replace Part K6 Relay in D:\Users\User\Desktop\Course1\Sheet_Course_Mitr.SchDoc with Relay from Schlib_Course_Mitr.SchLib
Replace Part K7 Relay in D:\Users\User\Desktop\Course1\Sheet_Course_Mitr.SchDoc with Relay from Schlib_Course_Mitr.SchLib
Replace Part K8 Relay in D:\Users\User\Desktop\Course1\Sheet_Course_Mitr.SchDoc with Relay from Schlib_Course_Mitr.SchLib
Replace Part R1 Resistor in D:\Users\User\Desktop\Course1\Sheet_Course_Mitr.SchDoc with Resistor from Schlib_Course_Mitr.SchLib
Replace Part R2 Resistor in D:\Users\User\Desktop\Course1\Sheet_Course_Mitr.SchDoc with Resistor from Schlib_Course_Mitr.SchLib
Replace Part R3 Resistor in D:\Users\User\Desktop\Course1\Sheet_Course_Mitr.SchDoc with Resistor from Schlib_Course_Mitr.SchLib
Replace Part R4 Resistor in D:\Users\User\Desktop\Course1\Sheet_Course_Mitr.SchDoc with Resistor from Schlib_Course_Mitr.SchLib
Replace Part R5 Resistor in D:\Users\User\Desktop\Course1\Sheet_Course_Mitr.SchDoc with Resistor from Schlib_Course_Mitr.SchLib
Replace Part R6 Resistor in D:\Users\User\Desktop\Course1\Sheet_Course_Mitr.SchDoc with Resistor from Schlib_Course_Mitr.SchLib
Replace Part R7 Resistor in D:\Users\User\Desktop\Course1\Sheet_Course_Mitr.SchDoc with Resistor from Schlib_Course_Mitr.SchLib
Replace Part VD1 Diode_bridge in D:\Users\User\Desktop\Course1\Sheet_Course_Mitr.SchDoc with Diode_bridge from Schlib_Course_Mitr.SchLib
Replace Part X1 USB_TypeB in D:\Users\User\Desktop\Course1\Sheet_Course_Mitr.SchDoc with USB_TypeB from Schlib_Course_Mitr.SchLib
Replace Part X2 DJK-02B_PWR_CON in D:\Users\User\Desktop\Course1\Sheet_Course_Mitr.SchDoc with DJK-02B_PWR_CON from Schlib_Course_Mitr.SchLib
Replace Part XT1 pad in D:\Users\User\Desktop\Course1\Sheet_Course_Mitr.SchDoc with pad from Schlib_Course_Mitr.SchLib
Replace Part XT2 pad in D:\Users\User\Desktop\Course1\Sheet_Course_Mitr.SchDoc with pad from Schlib_Course_Mitr.SchLib
Replace Part XT3 pad in D:\Users\User\Desktop\Course1\Sheet_Course_Mitr.SchDoc with pad from Schlib_Course_Mitr.SchLib
Replace Part XT4 pad in D:\Users\User\Desktop\Course1\Sheet_Course_Mitr.SchDoc with pad from Schlib_Course_Mitr.SchLib
Replace Part XT5 pad in D:\Users\User\Desktop\Course1\Sheet_Course_Mitr.SchDoc with pad from Schlib_Course_Mitr.SchLib
Replace Part XT6 pad in D:\Users\User\Desktop\Course1\Sheet_Course_Mitr.SchDoc with pad from Schlib_Course_Mitr.SchLib
Replace Part XT7 pad in D:\Users\User\Desktop\Course1\Sheet_Course_Mitr.SchDoc with pad from Schlib_Course_Mitr.SchLib
Replace Part XT8 pad in D:\Users\User\Desktop\Course1\Sheet_Course_Mitr.SchDoc with pad from Schlib_Course_Mitr.SchLib
Replace Part ZQ1 Quartz in D:\Users\User\Desktop\Course1\Sheet_Course_Mitr.SchDoc with Quartz from Schlib_Course_Mitr.SchLib
Replace Part ZQ2 Quartz in D:\Users\User\Desktop\Course1\Sheet_Course_Mitr.SchDoc with Quartz from Schlib_Course_Mitr.SchLib
