Change Component Parameter Comment in C1 Old= New==Value
Change Component Parameter Comment in C2 Old= New==Value
Change Component Parameter Comment in C3 Old= New==Value
Change Component Parameter Comment in C4 Old= New==Value
Change Component Parameter Comment in C5 Old= New==Value
Change Component Parameter Comment in C6 Old= New==Value
Change Component Parameter Comment in DA1 Old= New=MT8870DS
Change Component Parameter Comment in R1 Old= New==Value
Change Component Parameter Comment in R2 Old= New==Value
Change Component Parameter Comment in R3 Old= New==Value
Change Component Parameter Comment in R4 Old= New==Value
Change Component Parameter Comment in R5 Old= New==Value
Change Component Parameter Comment in R6 Old= New==Value
Change Component Parameter Comment in R7 Old= New==Value
Change Component Parameter Comment in ZQ1 Old= New==Value
Change Component Parameter Comment in ZQ2 Old= New==Value
Replace Symbol from C1 Capacitor in D:\Users\User\Desktop\Course1\Sheet_Course_Mitr.SchDoc with Capacitor from Schlib_Course_Mitr.SchLib
Replace Symbol from C2 Capacitor in D:\Users\User\Desktop\Course1\Sheet_Course_Mitr.SchDoc with Capacitor from Schlib_Course_Mitr.SchLib
Replace Symbol from C3 Capacitor in D:\Users\User\Desktop\Course1\Sheet_Course_Mitr.SchDoc with Capacitor from Schlib_Course_Mitr.SchLib
Replace Symbol from C4 Capacitor_pol in D:\Users\User\Desktop\Course1\Sheet_Course_Mitr.SchDoc with Capacitor_pol from Schlib_Course_Mitr.SchLib
Replace Symbol from C5 Capacitor in D:\Users\User\Desktop\Course1\Sheet_Course_Mitr.SchDoc with Capacitor from Schlib_Course_Mitr.SchLib
Replace Symbol from C6 Capacitor in D:\Users\User\Desktop\Course1\Sheet_Course_Mitr.SchDoc with Capacitor from Schlib_Course_Mitr.SchLib
Replace Symbol from DA1 MT8870DS in D:\Users\User\Desktop\Course1\Sheet_Course_Mitr.SchDoc with MT8870DS from Schlib_Course_Mitr.SchLib
Replace Symbol from DA2 STU in D:\Users\User\Desktop\Course1\Sheet_Course_Mitr.SchDoc with STU from Schlib_Course_Mitr.SchLib
Replace Symbol from DD1 ATtiny2313 in D:\Users\User\Desktop\Course1\Sheet_Course_Mitr.SchDoc with ATtiny2313 from Schlib_Course_Mitr.SchLib
Replace Symbol from DD2 ULN2803A in D:\Users\User\Desktop\Course1\Sheet_Course_Mitr.SchDoc with ULN2803A from Schlib_Course_Mitr.SchLib
Replace Symbol from HL1 Led_red in D:\Users\User\Desktop\Course1\Sheet_Course_Mitr.SchDoc with Led_red from Schlib_Course_Mitr.SchLib
Replace Symbol from K1 Relay in D:\Users\User\Desktop\Course1\Sheet_Course_Mitr.SchDoc with Relay from Schlib_Course_Mitr.SchLib
Replace Symbol from K2 Relay in D:\Users\User\Desktop\Course1\Sheet_Course_Mitr.SchDoc with Relay from Schlib_Course_Mitr.SchLib
Replace Symbol from K3 Relay in D:\Users\User\Desktop\Course1\Sheet_Course_Mitr.SchDoc with Relay from Schlib_Course_Mitr.SchLib
Replace Symbol from K4 Relay in D:\Users\User\Desktop\Course1\Sheet_Course_Mitr.SchDoc with Relay from Schlib_Course_Mitr.SchLib
Replace Symbol from K5 Relay in D:\Users\User\Desktop\Course1\Sheet_Course_Mitr.SchDoc with Relay from Schlib_Course_Mitr.SchLib
Replace Symbol from K6 Relay in D:\Users\User\Desktop\Course1\Sheet_Course_Mitr.SchDoc with Relay from Schlib_Course_Mitr.SchLib
Replace Symbol from K7 Relay in D:\Users\User\Desktop\Course1\Sheet_Course_Mitr.SchDoc with Relay from Schlib_Course_Mitr.SchLib
Replace Symbol from K8 Relay in D:\Users\User\Desktop\Course1\Sheet_Course_Mitr.SchDoc with Relay from Schlib_Course_Mitr.SchLib
Replace Symbol from R1 Resistor in D:\Users\User\Desktop\Course1\Sheet_Course_Mitr.SchDoc with Resistor from Schlib_Course_Mitr.SchLib
Replace Symbol from R2 Resistor in D:\Users\User\Desktop\Course1\Sheet_Course_Mitr.SchDoc with Resistor from Schlib_Course_Mitr.SchLib
Replace Symbol from R3 Resistor in D:\Users\User\Desktop\Course1\Sheet_Course_Mitr.SchDoc with Resistor from Schlib_Course_Mitr.SchLib
Replace Symbol from R4 Resistor in D:\Users\User\Desktop\Course1\Sheet_Course_Mitr.SchDoc with Resistor from Schlib_Course_Mitr.SchLib
Replace Symbol from R5 Resistor in D:\Users\User\Desktop\Course1\Sheet_Course_Mitr.SchDoc with Resistor from Schlib_Course_Mitr.SchLib
Replace Symbol from R6 Resistor in D:\Users\User\Desktop\Course1\Sheet_Course_Mitr.SchDoc with Resistor from Schlib_Course_Mitr.SchLib
Replace Symbol from R7 Resistor in D:\Users\User\Desktop\Course1\Sheet_Course_Mitr.SchDoc with Resistor from Schlib_Course_Mitr.SchLib
Replace Symbol from VD1 Diode_bridge in D:\Users\User\Desktop\Course1\Sheet_Course_Mitr.SchDoc with Diode_bridge from Schlib_Course_Mitr.SchLib
Replace Symbol from XS1 USB_TypeB in D:\Users\User\Desktop\Course1\Sheet_Course_Mitr.SchDoc with USB_TypeB from Schlib_Course_Mitr.SchLib
Replace Symbol from XS2 DJK-02B_PWR_CON in D:\Users\User\Desktop\Course1\Sheet_Course_Mitr.SchDoc with DJK-02B_PWR_CON from Schlib_Course_Mitr.SchLib
Replace Symbol from XT1 pad in D:\Users\User\Desktop\Course1\Sheet_Course_Mitr.SchDoc with pad from Schlib_Course_Mitr.SchLib
Replace Symbol from XT2 pad in D:\Users\User\Desktop\Course1\Sheet_Course_Mitr.SchDoc with pad from Schlib_Course_Mitr.SchLib
Replace Symbol from XT3 pad in D:\Users\User\Desktop\Course1\Sheet_Course_Mitr.SchDoc with pad from Schlib_Course_Mitr.SchLib
Replace Symbol from XT4 pad in D:\Users\User\Desktop\Course1\Sheet_Course_Mitr.SchDoc with pad from Schlib_Course_Mitr.SchLib
Replace Symbol from XT5 pad in D:\Users\User\Desktop\Course1\Sheet_Course_Mitr.SchDoc with pad from Schlib_Course_Mitr.SchLib
Replace Symbol from XT6 pad in D:\Users\User\Desktop\Course1\Sheet_Course_Mitr.SchDoc with pad from Schlib_Course_Mitr.SchLib
Replace Symbol from XT7 pad in D:\Users\User\Desktop\Course1\Sheet_Course_Mitr.SchDoc with pad from Schlib_Course_Mitr.SchLib
Replace Symbol from XT8 pad in D:\Users\User\Desktop\Course1\Sheet_Course_Mitr.SchDoc with pad from Schlib_Course_Mitr.SchLib
Replace Symbol from ZQ1 Quartz in D:\Users\User\Desktop\Course1\Sheet_Course_Mitr.SchDoc with Quartz from Schlib_Course_Mitr.SchLib
Replace Symbol from ZQ2 Quartz in D:\Users\User\Desktop\Course1\Sheet_Course_Mitr.SchDoc with Quartz from Schlib_Course_Mitr.SchLib
